<?xml version="1.0" encoding="UTF-8"?>
<!-- Generated by org.testng.reporters.JUnitReportReporter -->
<testsuite hostname="Hasan" failures="0" tests="1" name="faceBook.Amzon" time="12.708" errors="0" timestamp="2020-12-25T02:07:19 EST" skipped="0">
  <testcase classname="faceBook.Amzon" name="t" time="12.708"/>
  <system-out/>
</testsuite> <!-- faceBook.Amzon -->
